<?xml version="1.0" encoding="UTF-8"?>
<!-- Generated by org.testng.reporters.JUnitReportReporter -->
<testsuite hostname="DESKTOP-49TKC48" name="qspiders.JdbctoJson" tests="1" failures="0" timestamp="23 Jul 2020 09:03:13 GMT" time="0.915" errors="0">
  <testcase name="testDB" time="0.915" classname="qspiders.JdbctoJson"/>
</testsuite> <!-- qspiders.JdbctoJson -->
